ERROR - 2026-02-09 15:32:50 --> Error connecting to the database: mysqli_sql_exception: A connection attempt failed because the connected party did not properly respond after a period of time, or established connection failed because connected host has failed to respond in C:\xampp\htdocs\revseclabs\system\Database\MySQLi\Connection.php:201
Stack trace:
#0 C:\xampp\htdocs\revseclabs\system\Database\MySQLi\Connection.php(201): mysqli->real_connect('database-cyber-...', 'admin', Object(SensitiveParameterValue), 'cybersecurity_d...', 3306, '', 0)
#1 C:\xampp\htdocs\revseclabs\system\Database\BaseConnection.php(421): CodeIgniter\Database\MySQLi\Connection->connect(false)
#2 C:\xampp\htdocs\revseclabs\system\Database\BaseConnection.php(620): CodeIgniter\Database\BaseConnection->initialize()
#3 C:\xampp\htdocs\revseclabs\system\Database\BaseBuilder.php(1733): CodeIgniter\Database\BaseConnection->query('SELECT COUNT(*)...', Array, false)
#4 C:\xampp\htdocs\revseclabs\system\Model.php(676): CodeIgniter\Database\BaseBuilder->countAllResults(true)
#5 C:\xampp\htdocs\revseclabs\app\Filters\AdminNotificationFilter.php(21): CodeIgniter\Model->countAllResults()
#6 C:\xampp\htdocs\revseclabs\system\Filters\Filters.php(241): App\Filters\AdminNotificationFilter->before(Object(CodeIgniter\HTTP\IncomingRequest), NULL)
#7 C:\xampp\htdocs\revseclabs\system\Filters\Filters.php(221): CodeIgniter\Filters\Filters->runBefore(Array)
#8 C:\xampp\htdocs\revseclabs\system\CodeIgniter.php(479): CodeIgniter\Filters\Filters->run('admin/get-pendi...', 'before')
#9 C:\xampp\htdocs\revseclabs\system\CodeIgniter.php(354): CodeIgniter\CodeIgniter->handleRequest(NULL, Object(Config\Cache), false)
#10 C:\xampp\htdocs\revseclabs\system\Boot.php(334): CodeIgniter\CodeIgniter->run()
#11 C:\xampp\htdocs\revseclabs\system\Boot.php(67): CodeIgniter\Boot::runCodeIgniter(Object(CodeIgniter\CodeIgniter))
#12 C:\xampp\htdocs\revseclabs\public\index.php(59): CodeIgniter\Boot::bootWeb(Object(Config\Paths))
#13 {main}

Next CodeIgniter\Database\Exceptions\DatabaseException: A connection attempt failed because the connected party did not properly respond after a period of time, or established connection failed because connected host has failed to respond in C:\xampp\htdocs\revseclabs\system\Database\MySQLi\Connection.php:246
Stack trace:
#0 C:\xampp\htdocs\revseclabs\system\Database\BaseConnection.php(421): CodeIgniter\Database\MySQLi\Connection->connect(false)
#1 C:\xampp\htdocs\revseclabs\system\Database\BaseConnection.php(620): CodeIgniter\Database\BaseConnection->initialize()
#2 C:\xampp\htdocs\revseclabs\system\Database\BaseBuilder.php(1733): CodeIgniter\Database\BaseConnection->query('SELECT COUNT(*)...', Array, false)
#3 C:\xampp\htdocs\revseclabs\system\Model.php(676): CodeIgniter\Database\BaseBuilder->countAllResults(true)
#4 C:\xampp\htdocs\revseclabs\app\Filters\AdminNotificationFilter.php(21): CodeIgniter\Model->countAllResults()
#5 C:\xampp\htdocs\revseclabs\system\Filters\Filters.php(241): App\Filters\AdminNotificationFilter->before(Object(CodeIgniter\HTTP\IncomingRequest), NULL)
#6 C:\xampp\htdocs\revseclabs\system\Filters\Filters.php(221): CodeIgniter\Filters\Filters->runBefore(Array)
#7 C:\xampp\htdocs\revseclabs\system\CodeIgniter.php(479): CodeIgniter\Filters\Filters->run('admin/get-pendi...', 'before')
#8 C:\xampp\htdocs\revseclabs\system\CodeIgniter.php(354): CodeIgniter\CodeIgniter->handleRequest(NULL, Object(Config\Cache), false)
#9 C:\xampp\htdocs\revseclabs\system\Boot.php(334): CodeIgniter\CodeIgniter->run()
#10 C:\xampp\htdocs\revseclabs\system\Boot.php(67): CodeIgniter\Boot::runCodeIgniter(Object(CodeIgniter\CodeIgniter))
#11 C:\xampp\htdocs\revseclabs\public\index.php(59): CodeIgniter\Boot::bootWeb(Object(Config\Paths))
#12 {main}
CRITICAL - 2026-02-09 15:32:50 --> CodeIgniter\Database\Exceptions\DatabaseException: Unable to connect to the database.
Main connection [MySQLi]: A connection attempt failed because the connected party did not properly respond after a period of time, or established connection failed because connected host has failed to respond
[Method: GET, Route: admin/get-pending-count]
in SYSTEMPATH\Database\BaseConnection.php on line 467.
 1 SYSTEMPATH\Database\BaseConnection.php(620): CodeIgniter\Database\BaseConnection->initialize()
 2 SYSTEMPATH\Database\BaseBuilder.php(1733): CodeIgniter\Database\BaseConnection->query('SELECT COUNT(*) AS `numrows`
FROM `profile_change_requests`
WHERE `is_approved` = :is_approved:
AND `is_rejected` = :is_rejected:', [...], false)
 3 SYSTEMPATH\Model.php(676): CodeIgniter\Database\BaseBuilder->countAllResults(true)
 4 APPPATH\Filters\AdminNotificationFilter.php(21): CodeIgniter\Model->countAllResults()
 5 SYSTEMPATH\Filters\Filters.php(241): App\Filters\AdminNotificationFilter->before(Object(CodeIgniter\HTTP\IncomingRequest), null)
 6 SYSTEMPATH\Filters\Filters.php(221): CodeIgniter\Filters\Filters->runBefore([...])
 7 SYSTEMPATH\CodeIgniter.php(479): CodeIgniter\Filters\Filters->run('admin/get-pending-count', 'before')
 8 SYSTEMPATH\CodeIgniter.php(354): CodeIgniter\CodeIgniter->handleRequest(null, Object(Config\Cache), false)
 9 SYSTEMPATH\Boot.php(334): CodeIgniter\CodeIgniter->run()
10 SYSTEMPATH\Boot.php(67): CodeIgniter\Boot::runCodeIgniter(Object(CodeIgniter\CodeIgniter))
11 FCPATH\index.php(59): CodeIgniter\Boot::bootWeb(Object(Config\Paths))
ERROR - 2026-02-09 15:33:05 --> Error connecting to the database: mysqli_sql_exception: Access denied for user ''@'localhost' (using password: NO) in C:\xampp\htdocs\revseclabs\system\Database\MySQLi\Connection.php:201
Stack trace:
#0 C:\xampp\htdocs\revseclabs\system\Database\MySQLi\Connection.php(201): mysqli->real_connect('localhost', '', Object(SensitiveParameterValue), '', 3306, '', 0)
#1 C:\xampp\htdocs\revseclabs\system\Database\BaseConnection.php(421): CodeIgniter\Database\MySQLi\Connection->connect(false)
#2 C:\xampp\htdocs\revseclabs\system\Database\BaseConnection.php(620): CodeIgniter\Database\BaseConnection->initialize()
#3 C:\xampp\htdocs\revseclabs\system\Database\BaseBuilder.php(1733): CodeIgniter\Database\BaseConnection->query('SELECT COUNT(*)...', Array, false)
#4 C:\xampp\htdocs\revseclabs\system\Model.php(676): CodeIgniter\Database\BaseBuilder->countAllResults(true)
#5 C:\xampp\htdocs\revseclabs\app\Filters\AdminNotificationFilter.php(21): CodeIgniter\Model->countAllResults()
#6 C:\xampp\htdocs\revseclabs\system\Filters\Filters.php(241): App\Filters\AdminNotificationFilter->before(Object(CodeIgniter\HTTP\IncomingRequest), NULL)
#7 C:\xampp\htdocs\revseclabs\system\Filters\Filters.php(221): CodeIgniter\Filters\Filters->runBefore(Array)
#8 C:\xampp\htdocs\revseclabs\system\CodeIgniter.php(479): CodeIgniter\Filters\Filters->run('admin/get-pendi...', 'before')
#9 C:\xampp\htdocs\revseclabs\system\CodeIgniter.php(354): CodeIgniter\CodeIgniter->handleRequest(NULL, Object(Config\Cache), false)
#10 C:\xampp\htdocs\revseclabs\system\Boot.php(334): CodeIgniter\CodeIgniter->run()
#11 C:\xampp\htdocs\revseclabs\system\Boot.php(67): CodeIgniter\Boot::runCodeIgniter(Object(CodeIgniter\CodeIgniter))
#12 C:\xampp\htdocs\revseclabs\public\index.php(59): CodeIgniter\Boot::bootWeb(Object(Config\Paths))
#13 {main}

Next CodeIgniter\Database\Exceptions\DatabaseException: Access denied for user ''@'localhost' (using password: NO) in C:\xampp\htdocs\revseclabs\system\Database\MySQLi\Connection.php:246
Stack trace:
#0 C:\xampp\htdocs\revseclabs\system\Database\BaseConnection.php(421): CodeIgniter\Database\MySQLi\Connection->connect(false)
#1 C:\xampp\htdocs\revseclabs\system\Database\BaseConnection.php(620): CodeIgniter\Database\BaseConnection->initialize()
#2 C:\xampp\htdocs\revseclabs\system\Database\BaseBuilder.php(1733): CodeIgniter\Database\BaseConnection->query('SELECT COUNT(*)...', Array, false)
#3 C:\xampp\htdocs\revseclabs\system\Model.php(676): CodeIgniter\Database\BaseBuilder->countAllResults(true)
#4 C:\xampp\htdocs\revseclabs\app\Filters\AdminNotificationFilter.php(21): CodeIgniter\Model->countAllResults()
#5 C:\xampp\htdocs\revseclabs\system\Filters\Filters.php(241): App\Filters\AdminNotificationFilter->before(Object(CodeIgniter\HTTP\IncomingRequest), NULL)
#6 C:\xampp\htdocs\revseclabs\system\Filters\Filters.php(221): CodeIgniter\Filters\Filters->runBefore(Array)
#7 C:\xampp\htdocs\revseclabs\system\CodeIgniter.php(479): CodeIgniter\Filters\Filters->run('admin/get-pendi...', 'before')
#8 C:\xampp\htdocs\revseclabs\system\CodeIgniter.php(354): CodeIgniter\CodeIgniter->handleRequest(NULL, Object(Config\Cache), false)
#9 C:\xampp\htdocs\revseclabs\system\Boot.php(334): CodeIgniter\CodeIgniter->run()
#10 C:\xampp\htdocs\revseclabs\system\Boot.php(67): CodeIgniter\Boot::runCodeIgniter(Object(CodeIgniter\CodeIgniter))
#11 C:\xampp\htdocs\revseclabs\public\index.php(59): CodeIgniter\Boot::bootWeb(Object(Config\Paths))
#12 {main}
CRITICAL - 2026-02-09 15:33:05 --> CodeIgniter\Database\Exceptions\DatabaseException: Unable to connect to the database.
Main connection [MySQLi]: Access denied for user ''@'localhost' (using password: NO)
[Method: GET, Route: admin/get-pending-count]
in SYSTEMPATH\Database\BaseConnection.php on line 467.
 1 SYSTEMPATH\Database\BaseConnection.php(620): CodeIgniter\Database\BaseConnection->initialize()
 2 SYSTEMPATH\Database\BaseBuilder.php(1733): CodeIgniter\Database\BaseConnection->query('SELECT COUNT(*) AS `numrows`
FROM `profile_change_requests`
WHERE `is_approved` = :is_approved:
AND `is_rejected` = :is_rejected:', [...], false)
 3 SYSTEMPATH\Model.php(676): CodeIgniter\Database\BaseBuilder->countAllResults(true)
 4 APPPATH\Filters\AdminNotificationFilter.php(21): CodeIgniter\Model->countAllResults()
 5 SYSTEMPATH\Filters\Filters.php(241): App\Filters\AdminNotificationFilter->before(Object(CodeIgniter\HTTP\IncomingRequest), null)
 6 SYSTEMPATH\Filters\Filters.php(221): CodeIgniter\Filters\Filters->runBefore([...])
 7 SYSTEMPATH\CodeIgniter.php(479): CodeIgniter\Filters\Filters->run('admin/get-pending-count', 'before')
 8 SYSTEMPATH\CodeIgniter.php(354): CodeIgniter\CodeIgniter->handleRequest(null, Object(Config\Cache), false)
 9 SYSTEMPATH\Boot.php(334): CodeIgniter\CodeIgniter->run()
10 SYSTEMPATH\Boot.php(67): CodeIgniter\Boot::runCodeIgniter(Object(CodeIgniter\CodeIgniter))
11 FCPATH\index.php(59): CodeIgniter\Boot::bootWeb(Object(Config\Paths))
